2021/08/10 14:18:42 [error] 31#31: *1 FastCGI sent in stderr: "PHP message: [error] Uncaught PHP Exception Symfony\Component\HttpKernel\Exception\NotFoundHttpException: "No route found for "GET http://localhost:9800/"" at /var/www/symfony/vendor/symfony/http-kernel/EventListener/RouterListener.php line 136" while reading response header from upstream, client: 172.18.0.1, server: , request: "GET / HTTP/1.1", upstream: "fastcgi://172.18.0.6:9000", host: "localhost:9800"
2021/08/10 14:18:44 [error] 31#31: *1 FastCGI sent in stderr: "PHP message: [error] Uncaught PHP Exception Symfony\Component\HttpKernel\Exception\NotFoundHttpException: "No route found for "GET http://localhost:9800/favicon.ico" (from "http://localhost:9800/")" at /var/www/symfony/vendor/symfony/http-kernel/EventListener/RouterListener.php line 136" while reading response header from upstream, client: 172.18.0.1, server: , request: "GET /favicon.ico HTTP/1.1", upstream: "fastcgi://172.18.0.6:9000", host: "localhost:9800", referrer: "http://localhost:9800/"
2021/08/10 14:57:31 [error] 31#31: *5 FastCGI sent in stderr: "PHP message: [info] Matched route "api_login_check".
PHP message: [debug] Checking for authenticator support.
PHP message: [debug] Notified event "kernel.request" to listener "Symfony\Component\HttpKernel\EventListener\DebugHandlersListener::configure".
PHP message: [debug] Notified event "kernel.request" to listener "Symfony\Component\HttpKernel\EventListener\ValidateRequestListener::onKernelRequest".
PHP message: [debug] Notified event "kernel.request" to listener "Nelmio\CorsBundle\EventListener\CorsListener::onKernelRequest".
PHP message: [debug] Notified event "kernel.request" to listener "Symfony\Component\HttpKernel\EventListener\SessionListener::onKernelRequest".
PHP message: [debug] Notified event "kernel.request" to listener "Symfony\Component\HttpKernel\EventListener\LocaleListener::setDefaultLocale".
PHP message: [debug] Notified event "kernel.request" to listener "Symfony\Component\HttpKernel\EventListener\RouterListener::onKernelRequest".
PHP message: [debug] Notified event "kernel.request" to listener "Symfony\Component\HttpKernel\EventListener\LocaleListener::onKernelRequest".
PHP message: [debug] Notified event "kernel.request" to listener "Symfony\Component\HttpKernel\EventListener\LocaleAwareListener::onKernelRequest".
PHP message: [debug] Notified event "kernel.request" to listener "Symfony\Bundle\SecurityBundle\Debug\TraceableFirewallListener::configureLogoutUrlGenerator".
PHP message: [debug] Notified event "kernel.request" to listener "Symfony\Bundle\SecurityBundle\Debug\TraceableFirewallListener::onKernelRequest".
PHP message: [warning] Unable to look for the controller as the "_controller" parameter is missing.
PHP message: [error] Uncaught PHP Exception Symfony\Component\HttpKernel\Exception\NotFoundHttpException: "Unable to find the controller for path "/api/login_check". The route is wrongly configured." at /var/www/symfony/vendor/symfony/http-kernel/HttpKernel.php line 141
PHP message: [debug] Notified event "kernel.reque
2021/08/10 14:57:31 [error] 31#31: *5 FastCGI sent in stderr: "istener::onKernelResponse".
PHP message: [debug] Notified event "kernel.response" to listener "Symfony\Component\Security\Http\RememberMe\ResponseListener::onKernelResponse".
PHP message: [debug] Notified event "kernel.response" to listener "Symfony\Component\HttpKernel\EventListener\ErrorListener::removeCspHeader".
PHP message: [debug] Notified event "kernel.response" to listener "Symfony\Component\HttpKernel\EventListener\DisallowRobotsIndexingListener::onResponse".
PHP message: [debug] Notified event "kernel.response" to listener "Symfony\Component\HttpKernel\EventListener\SessionListener::onKernelResponse".
PHP message: [debug] Notified event "kernel.response" to listener "Symfony\Component\HttpKernel\EventListener\StreamedResponseListener::onKernelResponse".
PHP message: [debug] Notified event "kernel.finish_request" to listener "Symfony\Component\HttpKernel\EventListener\LocaleListener::onKernelFinishRequest".
PHP message: [debug] Notified event "kernel.finish_request" to listener "Symfony\Component\HttpKernel\EventListener\SessionListener::onFinishRequest".
PHP message: [debug] Notified event "kernel.finish_request" to listener "Symfony\Component\HttpKernel\EventListener\RouterListener::onKernelFinishRequest".
PHP message: [debug] Notified event "kernel.finish_request" to listener "Symfony\Bundle\SecurityBundle\Debug\TraceableFirewallListener::onKernelFinishRequest".
PHP message: [debug] Notified event "kernel.finish_request" to listener "Symfony\Component\HttpKernel\EventListener\LocaleAwareListener::onKernelFinishRequest".
PHP message: [debug] Notified event "kernel.exception" to listener "Symfony\Component\Security\Http\Firewall\ExceptionListener::onKernelException".
PHP message: [debug] Notified event "kernel.exception" to listener "Symfony\Component\HttpKernel\EventListener\ErrorListener::logKernelException".
PHP message: [debug] Notified event "kernel.exception" to listener "Symfony\Bundle\SwiftmailerBundle\EventListener\EmailSenderListe
2021/08/10 14:57:31 [error] 31#31: *5 FastCGI sent in stderr: " Notified event "kernel.finish_request" to listener "Symfony\Component\HttpKernel\EventListener\RouterListener::onKernelFinishRequest".
PHP message: [debug] Notified event "kernel.finish_request" to listener "Symfony\Bundle\SecurityBundle\Debug\TraceableFirewallListener::onKernelFinishRequest".
PHP message: [debug] Notified event "kernel.finish_request" to listener "Symfony\Component\HttpKernel\EventListener\LocaleAwareListener::onKernelFinishRequest"" while reading response header from upstream, client: 172.18.0.1, server: , request: "POST /api/login_check HTTP/1.1", upstream: "fastcgi://172.18.0.6:9000", host: "localhost:9800"
2021/08/10 14:58:46 [error] 31#31: *9 FastCGI sent in stderr: "PHP message: 2021-08-10T14:58:46+00:00 [critical] Uncaught Exception: Expected to find class "App\Shared\Infrastructure\Migration\Version20210613115208" in file "/var/www/symfony/src/Shared/Infrastructure/Migration/Version20210613115208.php" while importing services from resource "../src/*", but it was not found! Check the namespace prefix used with" while reading upstream, client: 172.18.0.1, server: , request: "POST /api/login_check HTTP/1.1", upstream: "fastcgi://172.18.0.6:9000", host: "localhost:9800"
2021/08/10 14:58:46 [error] 31#31: *9 FastCGI sent in stderr: "the resource in /var/www/symfony/src/../config/services.yaml (which is being imported from "/var/www/symfony/src/Kernel.php")" while reading upstream, client: 172.18.0.1, server: , request: "POST /api/login_check HTTP/1.1", upstream: "fastcgi://172.18.0.6:9000", host: "localhost:9800"
2021/08/10 14:59:30 [error] 31#31: *12 FastCGI sent in stderr: "PHP message: [info] Matched route "api_login_check".
PHP message: [debug] SELECT t0.username AS username_1, t0.first_name AS first_name_2, t0.last_name AS last_name_3, t0.email AS email_4, t0.password AS password_5, t0.created_at AS created_at_6, t0.enabled AS enabled_7, t0.roles AS roles_8, t0.id AS id_9, t0.auth_type_auth AS auth_type_auth_10, t0.auth_code_auth AS auth_code_auth_11, t0.auth_date_authAt AS auth_date_authAt_12, t0.wallet_id AS wallet_id_13 FROM user t0 WHERE t0.username = ? LIMIT 1
PHP message: [info] User has been authenticated successfully.
PHP message: [debug] Notified event "kernel.request" to listener "Symfony\Component\HttpKernel\EventListener\DebugHandlersListener::configure".
PHP message: [debug] Notified event "kernel.request" to listener "Symfony\Component\HttpKernel\EventListener\ValidateRequestListener::onKernelRequest".
PHP message: [debug] Notified event "kernel.request" to listener "Nelmio\CorsBundle\EventListener\CorsListener::onKernelRequest".
PHP message: [debug] Notified event "kernel.request" to listener "Symfony\Component\HttpKernel\EventListener\SessionListener::onKernelRequest".
PHP message: [debug] Notified event "kernel.request" to listener "Symfony\Component\HttpKernel\EventListener\LocaleListener::setDefaultLocale".
PHP message: [debug] Notified event "kernel.request" to listener "Symfony\Component\HttpKernel\EventListener\RouterListener::onKernelRequest".
PHP message: [debug] Notified event "kernel.request" to listener "Symfony\Component\HttpKernel\EventListener\LocaleListener::onKernelRequest".
PHP message: [debug] Notified event "kernel.request" to listener "Symfony\Component\HttpKernel\EventListener\LocaleAwareListener::onKernelRequest".
PHP message: [debug] Notified event "kernel.request" to listener "Symfony\Bundle\SecurityBundle\Debug\TraceableFirewallListener::configureLogoutUrlGenerator".
PHP message: [debug] Notified event "kernel.request" to listener "Symfony\Bundle\SecurityBundle\Debug\Traceabl
2021/08/10 14:59:30 [error] 31#31: *12 FastCGI sent in stderr: "\LocaleAwareListener::onKernelFinishRequest"" while reading response header from upstream, client: 172.18.0.1, server: , request: "POST /api/login_check HTTP/1.1", upstream: "fastcgi://172.18.0.6:9000", host: "localhost:9800"
2021/08/10 14:59:47 [error] 31#31: *12 FastCGI sent in stderr: "PHP message: [info] Matched route "api_login_check".
PHP message: [debug] SELECT t0.username AS username_1, t0.first_name AS first_name_2, t0.last_name AS last_name_3, t0.email AS email_4, t0.password AS password_5, t0.created_at AS created_at_6, t0.enabled AS enabled_7, t0.roles AS roles_8, t0.id AS id_9, t0.auth_type_auth AS auth_type_auth_10, t0.auth_code_auth AS auth_code_auth_11, t0.auth_date_authAt AS auth_date_authAt_12, t0.wallet_id AS wallet_id_13 FROM user t0 WHERE t0.username = ? LIMIT 1
PHP message: [info] User has been authenticated successfully.
PHP message: [debug] Notified event "kernel.request" to listener "Symfony\Component\HttpKernel\EventListener\DebugHandlersListener::configure".
PHP message: [debug] Notified event "kernel.request" to listener "Symfony\Component\HttpKernel\EventListener\ValidateRequestListener::onKernelRequest".
PHP message: [debug] Notified event "kernel.request" to listener "Nelmio\CorsBundle\EventListener\CorsListener::onKernelRequest".
PHP message: [debug] Notified event "kernel.request" to listener "Symfony\Component\HttpKernel\EventListener\SessionListener::onKernelRequest".
PHP message: [debug] Notified event "kernel.request" to listener "Symfony\Component\HttpKernel\EventListener\LocaleListener::setDefaultLocale".
PHP message: [debug] Notified event "kernel.request" to listener "Symfony\Component\HttpKernel\EventListener\RouterListener::onKernelRequest".
PHP message: [debug] Notified event "kernel.request" to listener "Symfony\Component\HttpKernel\EventListener\LocaleListener::onKernelRequest".
PHP message: [debug] Notified event "kernel.request" to listener "Symfony\Component\HttpKernel\EventListener\LocaleAwareListener::onKernelRequest".
PHP message: [debug] Notified event "kernel.request" to listener "Symfony\Bundle\SecurityBundle\Debug\TraceableFirewallListener::configureLogoutUrlGenerator".
PHP message: [debug] Notified event "kernel.request" to listener "Symfony\Bundle\SecurityBundle\Debug\Traceabl
2021/08/10 14:59:47 [error] 31#31: *12 FastCGI sent in stderr: "\LocaleAwareListener::onKernelFinishRequest"" while reading response header from upstream, client: 172.18.0.1, server: , request: "POST /api/login_check HTTP/1.1", upstream: "fastcgi://172.18.0.6:9000", host: "localhost:9800"
2021/08/10 15:13:17 [error] 31#31: *16 FastCGI sent in stderr: "PHP message: [info] Matched route "api_login_check".
PHP message: [debug] SELECT t0.username AS username_1, t0.first_name AS first_name_2, t0.last_name AS last_name_3, t0.email AS email_4, t0.password AS password_5, t0.created_at AS created_at_6, t0.enabled AS enabled_7, t0.roles AS roles_8, t0.id AS id_9, t0.auth_type_auth AS auth_type_auth_10, t0.auth_code_auth AS auth_code_auth_11, t0.auth_date_authAt AS auth_date_authAt_12, t0.wallet_id AS wallet_id_13 FROM user t0 WHERE t0.username = ? LIMIT 1
PHP message: [info] User has been authenticated successfully.
PHP message: [debug] Notified event "kernel.request" to listener "Symfony\Component\HttpKernel\EventListener\DebugHandlersListener::configure".
PHP message: [debug] Notified event "kernel.request" to listener "Symfony\Component\HttpKernel\EventListener\ValidateRequestListener::onKernelRequest".
PHP message: [debug] Notified event "kernel.request" to listener "Nelmio\CorsBundle\EventListener\CorsListener::onKernelRequest".
PHP message: [debug] Notified event "kernel.request" to listener "Symfony\Component\HttpKernel\EventListener\SessionListener::onKernelRequest".
PHP message: [debug] Notified event "kernel.request" to listener "Symfony\Component\HttpKernel\EventListener\LocaleListener::setDefaultLocale".
PHP message: [debug] Notified event "kernel.request" to listener "Symfony\Component\HttpKernel\EventListener\RouterListener::onKernelRequest".
PHP message: [debug] Notified event "kernel.request" to listener "Symfony\Component\HttpKernel\EventListener\LocaleListener::onKernelRequest".
PHP message: [debug] Notified event "kernel.request" to listener "Symfony\Component\HttpKernel\EventListener\LocaleAwareListener::onKernelRequest".
PHP message: [debug] Notified event "kernel.request" to listener "Symfony\Bundle\SecurityBundle\Debug\TraceableFirewallListener::configureLogoutUrlGenerator".
PHP message: [debug] Notified event "kernel.request" to listener "Symfony\Bundle\SecurityBundle\Debug\Traceabl
2021/08/10 15:13:17 [error] 31#31: *16 FastCGI sent in stderr: "\LocaleAwareListener::onKernelFinishRequest"" while reading response header from upstream, client: 172.18.0.1, server: , request: "POST /api/login_check HTTP/1.1", upstream: "fastcgi://172.18.0.6:9000", host: "localhost:9800"
2021/08/10 15:16:16 [error] 31#31: *21 FastCGI sent in stderr: "PHP message: [info] Matched route "api_login_check".
PHP message: [debug] SELECT t0.username AS username_1, t0.first_name AS first_name_2, t0.last_name AS last_name_3, t0.email AS email_4, t0.password AS password_5, t0.created_at AS created_at_6, t0.enabled AS enabled_7, t0.roles AS roles_8, t0.id AS id_9, t0.auth_type_auth AS auth_type_auth_10, t0.auth_code_auth AS auth_code_auth_11, t0.auth_date_authAt AS auth_date_authAt_12, t0.wallet_id AS wallet_id_13 FROM user t0 WHERE t0.username = ? LIMIT 1
PHP message: [info] User has been authenticated successfully.
PHP message: [debug] Notified event "kernel.request" to listener "Symfony\Component\HttpKernel\EventListener\DebugHandlersListener::configure".
PHP message: [debug] Notified event "kernel.request" to listener "Symfony\Component\HttpKernel\EventListener\ValidateRequestListener::onKernelRequest".
PHP message: [debug] Notified event "kernel.request" to listener "Nelmio\CorsBundle\EventListener\CorsListener::onKernelRequest".
PHP message: [debug] Notified event "kernel.request" to listener "Symfony\Component\HttpKernel\EventListener\SessionListener::onKernelRequest".
PHP message: [debug] Notified event "kernel.request" to listener "Symfony\Component\HttpKernel\EventListener\LocaleListener::setDefaultLocale".
PHP message: [debug] Notified event "kernel.request" to listener "Symfony\Component\HttpKernel\EventListener\RouterListener::onKernelRequest".
PHP message: [debug] Notified event "kernel.request" to listener "Symfony\Component\HttpKernel\EventListener\LocaleListener::onKernelRequest".
PHP message: [debug] Notified event "kernel.request" to listener "Symfony\Component\HttpKernel\EventListener\LocaleAwareListener::onKernelRequest".
PHP message: [debug] Notified event "kernel.request" to listener "Symfony\Bundle\SecurityBundle\Debug\TraceableFirewallListener::configureLogoutUrlGenerator".
PHP message: [debug] Notified event "kernel.request" to listener "Symfony\Bundle\SecurityBundle\Debug\Traceabl
2021/08/10 15:16:16 [error] 31#31: *21 FastCGI sent in stderr: "\LocaleAwareListener::onKernelFinishRequest"" while reading response header from upstream, client: 172.18.0.1, server: , request: "POST /api/login_check HTTP/1.1", upstream: "fastcgi://172.18.0.6:9000", host: "localhost:9800"
2021/08/10 16:35:51 [error] 31#31: *1 FastCGI sent in stderr: "PHP message: [info] Matched route "api_login_check".
PHP message: [debug] SELECT t0.username AS username_1, t0.first_name AS first_name_2, t0.last_name AS last_name_3, t0.email AS email_4, t0.password AS password_5, t0.created_at AS created_at_6, t0.enabled AS enabled_7, t0.roles AS roles_8, t0.id AS id_9, t0.auth_type_auth AS auth_type_auth_10, t0.auth_code_auth AS auth_code_auth_11, t0.auth_date_authAt AS auth_date_authAt_12, t0.wallet_id AS wallet_id_13 FROM user t0 WHERE t0.username = ? LIMIT 1" while reading response header from upstream, client: 172.18.0.1, server: , request: "POST /api/login_check HTTP/1.1", upstream: "fastcgi://172.18.0.5:9000", host: "localhost:9800"
2021/08/10 16:35:53 [error] 31#31: *1 FastCGI sent in stderr: "PHP message: [info] User has been authenticated successfully.
PHP message: [debug] Notified event "kernel.request" to listener "Symfony\Component\HttpKernel\EventListener\DebugHandlersListener::configure".
PHP message: [debug] Notified event "kernel.request" to listener "Symfony\Component\HttpKernel\EventListener\ValidateRequestListener::onKernelRequest".
PHP message: [debug] Notified event "kernel.request" to listener "Nelmio\CorsBundle\EventListener\CorsListener::onKernelRequest".
PHP message: [debug] Notified event "kernel.request" to listener "Symfony\Component\HttpKernel\EventListener\SessionListener::onKernelRequest".
PHP message: [debug] Notified event "kernel.request" to listener "Symfony\Component\HttpKernel\EventListener\LocaleListener::setDefaultLocale".
PHP message: [debug] Notified event "kernel.request" to listener "Symfony\Component\HttpKernel\EventListener\RouterListener::onKernelRequest".
PHP message: [debug] Notified event "kernel.request" to listener "Symfony\Component\HttpKernel\EventListener\LocaleListener::onKernelRequest".
PHP message: [debug] Notified event "kernel.request" to listener "Symfony\Component\HttpKernel\EventListener\LocaleAwareListener::onKernelRequest".
PHP message: [debug] Notified event "kernel.request" to listener "Symfony\Bundle\SecurityBundle\Debug\TraceableFirewallListener::configureLogoutUrlGenerator".
PHP message: [debug] Notified event "kernel.request" to listener "Symfony\Bundle\SecurityBundle\Debug\TraceableFirewallListener::onKernelRequest".
PHP message: [debug] Listener "Symfony\Bundle\SecurityBundle\Debug\TraceableFirewallListener::onKernelRequest" stopped propagation of the event "kernel.request".
PHP message: [debug] Notified event "kernel.response" to listener "Nelmio\CorsBundle\EventListener\CorsListener::onKernelResponse".
PHP message: [debug] Notified event "kernel.response" to listener "Nelmio\CorsBundle\EventListener\CacheableResponseVaryListener::onResponse".
PHP message: [debug] Notified e
2021/08/10 16:35:53 [error] 31#31: *1 FastCGI sent in stderr: "onKernelResponse".
PHP message: [debug] Notified event "kernel.response" to listener "Symfony\Component\HttpKernel\EventListener\StreamedResponseListener::onKernelResponse".
PHP message: [debug] Notified event "kernel.finish_request" to listener "Symfony\Component\HttpKernel\EventListener\LocaleListener::onKernelFinishRequest".
PHP message: [debug] Notified event "kernel.finish_request" to listener "Symfony\Component\HttpKernel\EventListener\SessionListener::onFinishRequest".
PHP message: [debug] Notified event "kernel.finish_request" to listener "Symfony\Component\HttpKernel\EventListener\RouterListener::onKernelFinishRequest".
PHP message: [debug] Notified event "kernel.finish_request" to listener "Symfony\Bundle\SecurityBundle\Debug\TraceableFirewallListener::onKernelFinishRequest".
PHP message: [debug] Notified event "kernel.finish_request" to listener "Symfony\Component\HttpKernel\EventListener\LocaleAwareListener::onKernelFinishRequest"" while reading upstream, client: 172.18.0.1, server: , request: "POST /api/login_check HTTP/1.1", upstream: "fastcgi://172.18.0.5:9000", host: "localhost:9800"
2021/08/11 13:44:11 [error] 30#30: *2 FastCGI sent in stderr: "PHP message: [info] Matched route "api_login_check".
PHP message: [debug] SELECT t0.username AS username_1, t0.first_name AS first_name_2, t0.last_name AS last_name_3, t0.email AS email_4, t0.password AS password_5, t0.created_at AS created_at_6, t0.enabled AS enabled_7, t0.roles AS roles_8, t0.id AS id_9, t0.auth_type_auth AS auth_type_auth_10, t0.auth_code_auth AS auth_code_auth_11, t0.auth_date_authAt AS auth_date_authAt_12, t0.wallet_id AS wallet_id_13 FROM user t0 WHERE t0.username = ? LIMIT 1" while reading response header from upstream, client: 172.18.0.1, server: , request: "POST /api/login_check HTTP/1.1", upstream: "fastcgi://172.18.0.3:9000", host: "localhost:9800"
2021/08/11 13:44:12 [error] 30#30: *2 FastCGI sent in stderr: "PHP message: [info] User has been authenticated successfully.
PHP message: [debug] Notified event "kernel.request" to listener "Symfony\Component\HttpKernel\EventListener\DebugHandlersListener::configure".
PHP message: [debug] Notified event "kernel.request" to listener "Symfony\Component\HttpKernel\EventListener\ValidateRequestListener::onKernelRequest".
PHP message: [debug] Notified event "kernel.request" to listener "Nelmio\CorsBundle\EventListener\CorsListener::onKernelRequest".
PHP message: [debug] Notified event "kernel.request" to listener "Symfony\Component\HttpKernel\EventListener\SessionListener::onKernelRequest".
PHP message: [debug] Notified event "kernel.request" to listener "Symfony\Component\HttpKernel\EventListener\LocaleListener::setDefaultLocale".
PHP message: [debug] Notified event "kernel.request" to listener "Symfony\Component\HttpKernel\EventListener\RouterListener::onKernelRequest".
PHP message: [debug] Notified event "kernel.request" to listener "Symfony\Component\HttpKernel\EventListener\LocaleListener::onKernelRequest".
PHP message: [debug] Notified event "kernel.request" to listener "Symfony\Component\HttpKernel\EventListener\LocaleAwareListener::onKernelRequest".
PHP message: [debug] Notified event "kernel.request" to listener "Symfony\Bundle\SecurityBundle\Debug\TraceableFirewallListener::configureLogoutUrlGenerator".
PHP message: [debug] Notified event "kernel.request" to listener "Symfony\Bundle\SecurityBundle\Debug\TraceableFirewallListener::onKernelRequest".
PHP message: [debug] Listener "Symfony\Bundle\SecurityBundle\Debug\TraceableFirewallListener::onKernelRequest" stopped propagation of the event "kernel.request".
PHP message: [debug] Notified event "kernel.response" to listener "Nelmio\CorsBundle\EventListener\CorsListener::onKernelResponse".
PHP message: [debug] Notified event "kernel.response" to listener "Nelmio\CorsBundle\EventListener\CacheableResponseVaryListener::onResponse".
PHP message: [debug] Notified e
2021/08/11 13:44:12 [error] 30#30: *2 FastCGI sent in stderr: "tListener\LocaleListener::onKernelFinishRequest".
PHP message: [debug] Notified event "kernel.finish_request" to listener "Symfony\Component\HttpKernel\EventListener\SessionListener::onFinishRequest".
PHP message: [debug] Notified event "kernel.finish_request" to listener "Symfony\Component\HttpKernel\EventListener\RouterListener::onKernelFinishRequest".
PHP message: [debug] Notified event "kernel.finish_request" to listener "Symfony\Bundle\SecurityBundle\Debug\TraceableFirewallListener::onKernelFinishRequest".
PHP message: [debug] Notified event "kernel.finish_request" to listener "Symfony\Component\HttpKernel\EventListener\LocaleAwareListener::onKernelFinishRequest"" while reading upstream, client: 172.18.0.1, server: , request: "POST /api/login_check HTTP/1.1", upstream: "fastcgi://172.18.0.3:9000", host: "localhost:9800"
2021/08/11 13:56:18 [error] 30#30: *2 FastCGI sent in stderr: "PHP message: [info] Matched route "api_login_check".
PHP message: [debug] SELECT t0.username AS username_1, t0.first_name AS first_name_2, t0.last_name AS last_name_3, t0.email AS email_4, t0.password AS password_5, t0.created_at AS created_at_6, t0.enabled AS enabled_7, t0.roles AS roles_8, t0.id AS id_9, t0.auth_type_auth AS auth_type_auth_10, t0.auth_code_auth AS auth_code_auth_11, t0.auth_date_authAt AS auth_date_authAt_12, t0.wallet_id AS wallet_id_13 FROM user t0 WHERE t0.username = ? LIMIT 1
PHP message: [info] User has been authenticated successfully.
PHP message: [debug] Notified event "kernel.request" to listener "Symfony\Component\HttpKernel\EventListener\DebugHandlersListener::configure".
PHP message: [debug] Notified event "kernel.request" to listener "Symfony\Component\HttpKernel\EventListener\ValidateRequestListener::onKernelRequest".
PHP message: [debug] Notified event "kernel.request" to listener "Nelmio\CorsBundle\EventListener\CorsListener::onKernelRequest".
PHP message: [debug] Notified event "kernel.request" to listener "Symfony\Component\HttpKernel\EventListener\SessionListener::onKernelRequest".
PHP message: [debug] Notified event "kernel.request" to listener "Symfony\Component\HttpKernel\EventListener\LocaleListener::setDefaultLocale".
PHP message: [debug] Notified event "kernel.request" to listener "Symfony\Component\HttpKernel\EventListener\RouterListener::onKernelRequest".
PHP message: [debug] Notified event "kernel.request" to listener "Symfony\Component\HttpKernel\EventListener\LocaleListener::onKernelRequest".
PHP message: [debug] Notified event "kernel.request" to listener "Symfony\Component\HttpKernel\EventListener\LocaleAwareListener::onKernelRequest".
PHP message: [debug] Notified event "kernel.request" to listener "Symfony\Bundle\SecurityBundle\Debug\TraceableFirewallListener::configureLogoutUrlGenerator".
PHP message: [debug] Notified event "kernel.request" to listener "Symfony\Bundle\SecurityBundle\Debug\Traceable
2021/08/11 13:56:18 [error] 30#30: *2 FastCGI sent in stderr: "\LocaleAwareListener::onKernelFinishRequest"" while reading response header from upstream, client: 172.18.0.1, server: , request: "POST /api/login_check HTTP/1.1", upstream: "fastcgi://172.18.0.3:9000", host: "localhost:9800"
2021/08/11 13:57:52 [error] 30#30: *5 FastCGI sent in stderr: "PHP message: [info] Matched route "api_login_check".
PHP message: [debug] SELECT t0.username AS username_1, t0.first_name AS first_name_2, t0.last_name AS last_name_3, t0.email AS email_4, t0.password AS password_5, t0.created_at AS created_at_6, t0.enabled AS enabled_7, t0.roles AS roles_8, t0.id AS id_9, t0.auth_type_auth AS auth_type_auth_10, t0.auth_code_auth AS auth_code_auth_11, t0.auth_date_authAt AS auth_date_authAt_12, t0.wallet_id AS wallet_id_13 FROM user t0 WHERE t0.username = ? LIMIT 1" while reading response header from upstream, client: 172.18.0.1, server: , request: "POST /api/login_check HTTP/1.1", upstream: "fastcgi://172.18.0.3:9000", host: "localhost:9800"
2021/08/11 13:57:52 [error] 30#30: *5 FastCGI sent in stderr: "PHP message: [info] User has been authenticated successfully.
PHP message: [debug] Notified event "kernel.request" to listener "Symfony\Component\HttpKernel\EventListener\DebugHandlersListener::configure".
PHP message: [debug] Notified event "kernel.request" to listener "Symfony\Component\HttpKernel\EventListener\ValidateRequestListener::onKernelRequest".
PHP message: [debug] Notified event "kernel.request" to listener "Nelmio\CorsBundle\EventListener\CorsListener::onKernelRequest".
PHP message: [debug] Notified event "kernel.request" to listener "Symfony\Component\HttpKernel\EventListener\SessionListener::onKernelRequest".
PHP message: [debug] Notified event "kernel.request" to listener "Symfony\Component\HttpKernel\EventListener\LocaleListener::setDefaultLocale".
PHP message: [debug] Notified event "kernel.request" to listener "Symfony\Component\HttpKernel\EventListener\RouterListener::onKernelRequest".
PHP message: [debug] Notified event "kernel.request" to listener "Symfony\Component\HttpKernel\EventListener\LocaleListener::onKernelRequest".
PHP message: [debug] Notified event "kernel.request" to listener "Symfony\Component\HttpKernel\EventListener\LocaleAwareListener::onKernelRequest".
PHP message: [debug] Notified event "kernel.request" to listener "Symfony\Bundle\SecurityBundle\Debug\TraceableFirewallListener::configureLogoutUrlGenerator".
PHP message: [debug] Notified event "kernel.request" to listener "Symfony\Bundle\SecurityBundle\Debug\TraceableFirewallListener::onKernelRequest".
PHP message: [debug] Listener "Symfony\Bundle\SecurityBundle\Debug\TraceableFirewallListener::onKernelRequest" stopped propagation of the event "kernel.request".
PHP message: [debug] Notified event "kernel.response" to listener "Nelmio\CorsBundle\EventListener\CorsListener::onKernelResponse".
PHP message: [debug] Notified event "kernel.response" to listener "Nelmio\CorsBundle\EventListener\CacheableResponseVaryListener::onResponse".
PHP message: [debug] Notified e
2021/08/11 13:57:52 [error] 30#30: *5 FastCGI sent in stderr: "tListener\LocaleListener::onKernelFinishRequest".
PHP message: [debug] Notified event "kernel.finish_request" to listener "Symfony\Component\HttpKernel\EventListener\SessionListener::onFinishRequest".
PHP message: [debug] Notified event "kernel.finish_request" to listener "Symfony\Component\HttpKernel\EventListener\RouterListener::onKernelFinishRequest".
PHP message: [debug] Notified event "kernel.finish_request" to listener "Symfony\Bundle\SecurityBundle\Debug\TraceableFirewallListener::onKernelFinishRequest".
PHP message: [debug] Notified event "kernel.finish_request" to listener "Symfony\Component\HttpKernel\EventListener\LocaleAwareListener::onKernelFinishRequest"" while reading upstream, client: 172.18.0.1, server: , request: "POST /api/login_check HTTP/1.1", upstream: "fastcgi://172.18.0.3:9000", host: "localhost:9800"
2021/08/11 14:03:11 [error] 30#30: *7 FastCGI sent in stderr: "PHP message: [info] Matched route "api_login_check".
PHP message: [debug] SELECT t0.username AS username_1, t0.first_name AS first_name_2, t0.last_name AS last_name_3, t0.email AS email_4, t0.password AS password_5, t0.created_at AS created_at_6, t0.enabled AS enabled_7, t0.roles AS roles_8, t0.id AS id_9, t0.auth_type_auth AS auth_type_auth_10, t0.auth_code_auth AS auth_code_auth_11, t0.auth_date_authAt AS auth_date_authAt_12, t0.wallet_id AS wallet_id_13 FROM user t0 WHERE t0.username = ? LIMIT 1" while reading response header from upstream, client: 172.18.0.1, server: , request: "POST /api/login_check HTTP/1.1", upstream: "fastcgi://172.18.0.3:9000", host: "localhost:9800"
2021/08/11 14:03:11 [error] 30#30: *7 FastCGI sent in stderr: "PHP message: [info] User has been authenticated successfully.
PHP message: [debug] Notified event "kernel.request" to listener "Symfony\Component\HttpKernel\EventListener\DebugHandlersListener::configure".
PHP message: [debug] Notified event "kernel.request" to listener "Symfony\Component\HttpKernel\EventListener\ValidateRequestListener::onKernelRequest".
PHP message: [debug] Notified event "kernel.request" to listener "Nelmio\CorsBundle\EventListener\CorsListener::onKernelRequest".
PHP message: [debug] Notified event "kernel.request" to listener "Symfony\Component\HttpKernel\EventListener\SessionListener::onKernelRequest".
PHP message: [debug] Notified event "kernel.request" to listener "Symfony\Component\HttpKernel\EventListener\LocaleListener::setDefaultLocale".
PHP message: [debug] Notified event "kernel.request" to listener "Symfony\Component\HttpKernel\EventListener\RouterListener::onKernelRequest".
PHP message: [debug] Notified event "kernel.request" to listener "Symfony\Component\HttpKernel\EventListener\LocaleListener::onKernelRequest".
PHP message: [debug] Notified event "kernel.request" to listener "Symfony\Component\HttpKernel\EventListener\LocaleAwareListener::onKernelRequest".
PHP message: [debug] Notified event "kernel.request" to listener "Symfony\Bundle\SecurityBundle\Debug\TraceableFirewallListener::configureLogoutUrlGenerator".
PHP message: [debug] Notified event "kernel.request" to listener "Symfony\Bundle\SecurityBundle\Debug\TraceableFirewallListener::onKernelRequest".
PHP message: [debug] Listener "Symfony\Bundle\SecurityBundle\Debug\TraceableFirewallListener::onKernelRequest" stopped propagation of the event "kernel.request".
PHP message: [debug] Notified event "kernel.response" to listener "Nelmio\CorsBundle\EventListener\CorsListener::onKernelResponse".
PHP message: [debug] Notified event "kernel.response" to listener "Nelmio\CorsBundle\EventListener\CacheableResponseVaryListener::onResponse".
PHP message: [debug] Notified e
2021/08/11 14:03:11 [error] 30#30: *7 FastCGI sent in stderr: "ymfony\Component\HttpKernel\EventListener\LocaleListener::onKernelFinishRequest".
PHP message: [debug] Notified event "kernel.finish_request" to listener "Symfony\Component\HttpKernel\EventListener\SessionListener::onFinishRequest".
PHP message: [debug] Notified event "kernel.finish_request" to listener "Symfony\Component\HttpKernel\EventListener\RouterListener::onKernelFinishRequest".
PHP message: [debug] Notified event "kernel.finish_request" to listener "Symfony\Bundle\SecurityBundle\Debug\TraceableFirewallListener::onKernelFinishRequest".
PHP message: [debug] Notified event "kernel.finish_request" to listener "Symfony\Component\HttpKernel\EventListener\LocaleAwareListener::onKernelFinishRequest"" while reading upstream, client: 172.18.0.1, server: , request: "POST /api/login_check HTTP/1.1", upstream: "fastcgi://172.18.0.3:9000", host: "localhost:9800"
2021/08/11 14:03:20 [error] 30#30: *7 FastCGI sent in stderr: "PHP message: [info] Matched route "api_login_check".
PHP message: [debug] SELECT t0.username AS username_1, t0.first_name AS first_name_2, t0.last_name AS last_name_3, t0.email AS email_4, t0.password AS password_5, t0.created_at AS created_at_6, t0.enabled AS enabled_7, t0.roles AS roles_8, t0.id AS id_9, t0.auth_type_auth AS auth_type_auth_10, t0.auth_code_auth AS auth_code_auth_11, t0.auth_date_authAt AS auth_date_authAt_12, t0.wallet_id AS wallet_id_13 FROM user t0 WHERE t0.username = ? LIMIT 1
PHP message: [info] Authentication request failed.
PHP message: [debug] Notified event "kernel.request" to listener "Symfony\Component\HttpKernel\EventListener\DebugHandlersListener::configure".
PHP message: [debug] Notified event "kernel.request" to listener "Symfony\Component\HttpKernel\EventListener\ValidateRequestListener::onKernelRequest".
PHP message: [debug] Notified event "kernel.request" to listener "Nelmio\CorsBundle\EventListener\CorsListener::onKernelRequest".
PHP message: [debug] Notified event "kernel.request" to listener "Symfony\Component\HttpKernel\EventListener\SessionListener::onKernelRequest".
PHP message: [debug] Notified event "kernel.request" to listener "Symfony\Component\HttpKernel\EventListener\LocaleListener::setDefaultLocale".
PHP message: [debug] Notified event "kernel.request" to listener "Symfony\Component\HttpKernel\EventListener\RouterListener::onKernelRequest".
PHP message: [debug] Notified event "kernel.request" to listener "Symfony\Component\HttpKernel\EventListener\LocaleListener::onKernelRequest".
PHP message: [debug] Notified event "kernel.request" to listener "Symfony\Component\HttpKernel\EventListener\LocaleAwareListener::onKernelRequest".
PHP message: [debug] Notified event "kernel.request" to listener "Symfony\Bundle\SecurityBundle\Debug\TraceableFirewallListener::configureLogoutUrlGenerator".
PHP message: [debug] Notified event "kernel.request" to listener "Symfony\Bundle\SecurityBundle\Debug\TraceableFirewallLis
2021/08/11 14:03:20 [error] 30#30: *7 FastCGI sent in stderr: "eListener::onKernelFinishRequest"" while reading response header from upstream, client: 172.18.0.1, server: , request: "POST /api/login_check HTTP/1.1", upstream: "fastcgi://172.18.0.3:9000", host: "localhost:9800"
2021/08/11 14:03:35 [error] 30#30: *7 FastCGI sent in stderr: "PHP message: [info] Matched route "api_login_check".
PHP message: [debug] SELECT t0.username AS username_1, t0.first_name AS first_name_2, t0.last_name AS last_name_3, t0.email AS email_4, t0.password AS password_5, t0.created_at AS created_at_6, t0.enabled AS enabled_7, t0.roles AS roles_8, t0.id AS id_9, t0.auth_type_auth AS auth_type_auth_10, t0.auth_code_auth AS auth_code_auth_11, t0.auth_date_authAt AS auth_date_authAt_12, t0.wallet_id AS wallet_id_13 FROM user t0 WHERE t0.username = ? LIMIT 1" while reading response header from upstream, client: 172.18.0.1, server: , request: "POST /api/login_check HTTP/1.1", upstream: "fastcgi://172.18.0.3:9000", host: "localhost:9800"
2021/08/11 14:03:35 [error] 30#30: *7 FastCGI sent in stderr: "PHP message: [info] Authentication request failed.
PHP message: [debug] Notified event "kernel.request" to listener "Symfony\Component\HttpKernel\EventListener\DebugHandlersListener::configure".
PHP message: [debug] Notified event "kernel.request" to listener "Symfony\Component\HttpKernel\EventListener\ValidateRequestListener::onKernelRequest".
PHP message: [debug] Notified event "kernel.request" to listener "Nelmio\CorsBundle\EventListener\CorsListener::onKernelRequest".
PHP message: [debug] Notified event "kernel.request" to listener "Symfony\Component\HttpKernel\EventListener\SessionListener::onKernelRequest".
PHP message: [debug] Notified event "kernel.request" to listener "Symfony\Component\HttpKernel\EventListener\LocaleListener::setDefaultLocale".
PHP message: [debug] Notified event "kernel.request" to listener "Symfony\Component\HttpKernel\EventListener\RouterListener::onKernelRequest".
PHP message: [debug] Notified event "kernel.request" to listener "Symfony\Component\HttpKernel\EventListener\LocaleListener::onKernelRequest".
PHP message: [debug] Notified event "kernel.request" to listener "Symfony\Component\HttpKernel\EventListener\LocaleAwareListener::onKernelRequest".
PHP message: [debug] Notified event "kernel.request" to listener "Symfony\Bundle\SecurityBundle\Debug\TraceableFirewallListener::configureLogoutUrlGenerator".
PHP message: [debug] Notified event "kernel.request" to listener "Symfony\Bundle\SecurityBundle\Debug\TraceableFirewallListener::onKernelRequest".
PHP message: [debug] Listener "Symfony\Bundle\SecurityBundle\Debug\TraceableFirewallListener::onKernelRequest" stopped propagation of the event "kernel.request".
PHP message: [debug] Notified event "kernel.response" to listener "Nelmio\CorsBundle\EventListener\CorsListener::onKernelResponse".
PHP message: [debug] Notified event "kernel.response" to listener "Nelmio\CorsBundle\EventListener\CacheableResponseVaryListener::onResponse".
PHP message: [debug] Notified event "kerne
2021/08/11 14:03:35 [error] 30#30: *7 FastCGI sent in stderr: "onent\HttpKernel\EventListener\LocaleListener::onKernelFinishRequest".
PHP message: [debug] Notified event "kernel.finish_request" to listener "Symfony\Component\HttpKernel\EventListener\SessionListener::onFinishRequest".
PHP message: [debug] Notified event "kernel.finish_request" to listener "Symfony\Component\HttpKernel\EventListener\RouterListener::onKernelFinishRequest".
PHP message: [debug] Notified event "kernel.finish_request" to listener "Symfony\Bundle\SecurityBundle\Debug\TraceableFirewallListener::onKernelFinishRequest".
PHP message: [debug] Notified event "kernel.finish_request" to listener "Symfony\Component\HttpKernel\EventListener\LocaleAwareListener::onKernelFinishRequest"" while reading upstream, client: 172.18.0.1, server: , request: "POST /api/login_check HTTP/1.1", upstream: "fastcgi://172.18.0.3:9000", host: "localhost:9800"
